populations v2.5, executed 2020-02-09 13:59:01 (zlib-1.2.11)
populations -P ./denovo -M ./popmap.txt -p 1 --vcf --structure --genepop
Locus/sample distributions will be written to './denovo/populations.log.distribs'.
populations parameters selected:
  Percent samples limit per population: 0
  Locus Population limit: 1
  Percent samples overall: 0
  Minor allele frequency cutoff: 0
  Maximum observed heterozygosity cutoff: 1
  Applying Fst correction: none.
  Pi/Fis kernel smoothing: off
  Fstats kernel smoothing: off
  Bootstrap resampling: off

Parsing population map...
The population map contained 12 samples, 5 population(s), 1 group(s).
Working on 12 samples.
Working on 5 population(s):
    Etri: Etri_T6836, Etri_T6842
    Eant: Eant_T6857, Eant_T6859a, Eant_T6859b
    Ahah: Ahah_R0089a, Ahah_R0089b, Ahah_R0090
    Ebou: Ebou_R0153, Ebou_R0156
    Snub: Snub_R0158, Snub_R0159
Working on 1 group(s) of populations:
    defaultgrp: Etri, Eant, Ahah, Ebou, Snub

SNPs and calls will be written in VCF format to './denovo/populations.snps.vcf'
Haplotypes will be written in VCF format to './denovo/populations.haps.vcf'
Polymorphic sites in Structure format will be written to './denovo/populations.structure'
Polymorphic sites in GenePop format will be written to './denovo/populations.snps.genepop'
Polymorphic loci in GenePop format will be written to './denovo/populations.haps.genepop'
Raw haplotypes will be written to './denovo/populations.haplotypes.tsv'
Population-level summary statistics will be written to './denovo/populations.sumstats.tsv'
Population-level haplotype summary statistics will be written to './denovo/populations.hapstats.tsv'

Processing data in batches:
  * load a batch of catalog loci and apply filters
  * compute SNP- and haplotype-wise per-population statistics
  * write the above statistics in the output files
  * export the genotypes/haplotypes in specified format(s)
More details in './denovo/populations.log.distribs'.
Now processing...
Batch 1 
Batch 2 
Batch 3 
Batch 4 
Batch 5 
Batch 6 
Batch 7 
Batch 8 
Batch 9 
Batch 10 
Batch 11 
Batch 12 
Batch 13 
Batch 14 
Batch 15 
Batch 16 
Batch 17 
Batch 18 
Batch 19 
Batch 20 

Removed 0 loci that did not pass sample/population constraints from 199474 loci.
Kept 199474 loci, composed of 28943165 sites; 0 of those sites were filtered, 62686 variant sites remained.
Mean genotyped sites per locus: 145.10bp (stderr 0.00).

Population summary statistics (more detail in populations.sumstats_summary.tsv):
  Etri: 1.5888 samples per locus; pi: 0.19234; all/variant/polymorphic sites: 6298308/29480/8718; private alleles: 4377
  Eant: 2.1894 samples per locus; pi: 0.29076; all/variant/polymorphic sites: 7332284/37530/18966; private alleles: 6857
  Ahah: 2.4013 samples per locus; pi: 0.54118; all/variant/polymorphic sites: 7252185/9696/9071; private alleles: 241
  Ebou: 1.5947 samples per locus; pi: 0.26882; all/variant/polymorphic sites: 5001056/16612/6757; private alleles: 3000
  Snub: 1.7655 samples per locus; pi: 0.47414; all/variant/polymorphic sites: 4761380/5724/4223; private alleles: 577
Populations is done.
