process_radtags v2.5, executed 2020-02-09 13:07:26 (zlib-1.2.11)
process_radtags -p ./raw-epi -b ./barcodes.txt -o ./demultiplex -c -q -r -D --inline_null --renz_1 sphI --renz_2 mluCI
File	Retained Reads	Low Quality	Barcode Not Found	RAD cutsite Not Found	Total
epiddrad_5M_R1.fastq.gz	4880552	2939	91025	25484	5000000

Total Sequences	5000000
Barcode Not Found	91025
Low Quality	2939
RAD Cutsite Not Found	25484
Retained Reads	4880552

Barcode	Filename	Total	NoRadTag	LowQuality	Retained
GCATG	Etri_T6836	500370	3491	294	496585
AACCA	Etri_T6842	430998	3076	266	427656
CGATC	Eant_T6857	473946	5885	322	467739
TCGAT	Eant_T6859a	437926	898	259	436769
TGCAT	Eant_T6859b	374823	1116	213	373494
CAACC	Ahah_R0089a	480107	4321	273	475513
GGTTG	Ahah_R0089b	447705	1506	253	445946
AAGGA	Ahah_R0090	431682	2131	250	429301
AGCTA	Ebou_R0153	388395	626	252	387517
ACACA	Ebou_R0156	301657	911	179	300567
AATTA	Snub_R0158	393464	967	229	392268
ACGGT	Snub_R0159	247902	556	149	247197

Sequences not recorded
Barcode	Total
ATTAC	5408
CTGAT	3257
CGTCG	3242
ATGAG	3152
ATACG	2994
ACTGG	2922
CATAT	2744
CGGTA	2687
ACCAC	2661
TCATC	2444
CATGC	2304
AGGAC	2263
AACAC	2234
CGGCT	2192
ACTTC	2185
CGTAC	2034
GATCC	1837
CGAAT	1615
GCTAC	1554
GTTGC	1549
AAGAC	1497
GGTGC	1161
ACTAC	1131
GATGC	940
CACAC	915
AGTAC	651
GCTGC	601
AATAC	549
GCAGC	495
CGTCC	454
AGGTC	439
CATCA	161
AGCAG	140
AAAAA	134
TTGCA	133
GCCAT	133
GATCA	129
TAGCT	123
TCAAC	117
TAAGG	111
ATGCA	109
ACAAC	107
TGGTT	103
AGAAA	101
TAATT	101
AGAAG	100
CTGGA	100
AGAGA	97
CTCCT	93
TACAC	93
CAGCA	93
CAGAG	91
GAAGA	90
TGCCA	89
AAAGG	89
CCAGG	89
TTCGA	89
CTTCC	88
AGGAG	87
CAGAA	87
ACGTC	86
TTCTT	84
AGAGC	84
CTTCT	84
CACAG	83
CAGTG	83
AGGAA	82
AAAAG	81
GGACA	81
TTTTT	80
CAGGG	80
AAATT	80
CTGCT	79
AAGAG	79
AGCCT	78
GGAAG	78
CTCTG	78
AGGCT	78
CTGCA	77
CAAAG	77
CCAAC	77
ATGAA	76
TTCCT	76
CTGTG	76
TGAAG	76
CTACA	75
AGAGG	74
GGAGG	74
AAGCT	74
CCTCT	74
AGATG	74
CTCCA	73
CCTGG	71
CTCAA	71
TGATG	70
CAAAA	70
GAGAA	70
CCAGA	69
ATGCT	69
AAAGC	69
CTGAA	68
CTGTC	68
AGGGG	68
AGGTG	68
CCAGC	67
AAATG	67
CTGGG	67
CTTGG	67
CTGGT	67
TGGAG	67
CATGA	67
AGTGG	66
CTTTG	66
CTTCA	66
GAAGG	66
AGGCA	66
CTTTT	66
TCCGA	65
TGCTG	65
AAGCC	65
CAGCT	65
TGAGA	65
TTTCT	64
AAAAT	64
CACCT	64
CTCAT	64
CTCAG	64
TTCTG	64
CTGAG	63
TCCTT	63
CCTTC	63
CTCTT	63
TGGGC	62
CCAAG	62
GAAGC	62
CTTTA	62
TGGCA	62
CCCAG	61
ATCCT	61
CTGGC	61
CAGAT	61
TGGCC	61
GAAAA	60
ATGCC	60
ATGGC	60
CCTGC	60
TCTTC	60
CCAAA	60
CCTCC	59
CCCTG	59
CTTTC	59
CCTTT	59
ATTTT	59
TAAAG	59
AGGAT	59
ACTGA	58
CTGAC	58
AACAT	58
AAGAT	58
CTCTC	58
GGTCA	58
GATGA	58
CAGGC	58
ACCTG	57
AGTCA	57
TCCTG	57
AACAG	57
AAATC	57
AAACT	57
GGCAG	57
CATTT	57
CTGCC	57
ATAAA	56
CAATG	56
TCCTC	56
CAAGA	56
AAAAC	56
CCTCA	56
GGAAA	56
CATGG	56
GCAGT	55
TACGG	55
CTTGA	55
TTTTA	55
TGGAA	55
ATTCT	54
AGAAC	54
CCTGA	54
CACTG	54
CACAA	54
GTCTT	54
CAGGT	53
ATCAG	53
TGCTC	53
ATCAT	53
ATCAA	53
GCTGG	52
TGGGG	52
CTGTT	52
TAAAA	52
GGCCA	52
GGGTT	51
AGGGC	51
GAAGT	51
TTAAA	51
ATTCC	51
TTCAC	51
TTCTC	51
CCCCC	51
ATCTG	51
TCAAA	51
CACAT	51
AATCT	50
TTTTC	50
GATGG	50
ACCCT	50
AAAGT	50
AGTGT	50
ATCTT	50
GAGGC	50
TGTTT	50
CCCTC	50
TTCCA	50
AGAGT	49
GTGGC	49
CCAGT	49
ACAGC	49
TGGAC	49
GCAGA	49
CTCCC	49
GGCCT	49
AGACC	49
AGTGA	49
CCCCA	49
GAGCA	48
GAAAG	48
GGGGA	48
ACAGG	48
AGCAC	48
TTTAA	48
CAAGG	48
AGAAT	48
CTTGT	48
ATGAT	47
GAGAG	47
TTCAG	47
TCAGT	47
TTTTG	47
GGGAG	47
TTATT	47
ATAAG	47
TTCAA	47
GGAGC	47
CATTG	46
ACCGG	46
TGGTG	46
TCAGC	46
TCCCT	46
CATCT	46
ATCAC	46
GCCTT	46
CTCAC	46
ACCAA	45
TCATT	45
GCCAG	45
CCTTG	45
ATATC	45
CCCTT	44
TGACA	44
TCTTT	44
CAGAC	44
AATAT	44
AAGTT	44
AACTG	44
AGCCC	44
GACAA	44
ATGTG	44
TGGCT	44
ACATC	44
GGGAA	44
CAATT	44
TGAAA	43
CTTGC	43
TTTCC	43
TTTCA	43
TCCAG	43
GAGAT	43
GAACA	43
GAAAT	43
AGTCT	43
TGAGC	43
ACCAT	43
ATTCA	43
TGTCT	43
TGGGT	43
AATCC	42
GACAG	42
AGGCC	42
GGAGA	42
AATAG	42
ACCAG	42
CTGTA	42
AATGT	42
TCTGC	42
CCATT	42
TATCA	42
TGTGG	42
ATTTG	42
CTAAA	42
GAATA	42
GCAAT	42
CATGT	42
AAGTC	42
GAGGG	42
TTACC	41
ATATT	41
TGTCA	41
GAGCT	41
TCCAC	41
GAAAC	41
AGTCC	41
AGTGC	41
CCCAT	41
TGTGA	41
CCACT	41
ATACC	41
TCTCA	41
ATTTC	40
CCCCT	40
TGACT	40
ACCCC	40
AGTAG	40
TCCCA	40
TCTGT	40
GGCAA	40
TGATT	40
GAGGT	40
ATGGG	40
TAATG	39
ACTGC	39
TACTG	39
GACTG	39
CTATT	39
TTTAT	39
GTCTG	39
TAGCA	39
TCAGG	39
GCCCT	39
TGGGA	39
AGTTT	39
CAGTT	39
GTGAA	39
GTCAG	39
TATTT	39
ATACT	38
CATAG	38
TGAGG	38
GCTGA	38
GTTTT	38
AGTTC	38
GGCTT	38
CTACT	38
TTTGG	38
ACTCT	38
TCAAG	38
AGACT	37
GACAC	37
TTTGT	37
TAGAA	37
GTCCT	37
TGATA	37
GTCAT	37
CGGAT	37
ATTAA	37
TTAAG	37
AACTT	37
AATGG	37
TAGAG	36
TCAGA	36
TGGTA	36
GACTT	36
TGGTC	36
CAGTA	36
AGGCG	36
GTCAA	36
TCGGA	36
CATTC	36
CCTGT	36
TTAAT	36
GAACT	36
GGGCA	36
GGGCT	36
TCGTC	36
ATGTA	36
CAATA	35
GCTTC	35
TGACC	35
GAGCC	35
ATAAT	35
ACATT	35
ATTGG	35
TCTGA	35
CCATA	35
TTATC	35
TACCT	35
TCTCT	35
GTAAA	35
GGGGG	35
TCTCC	34
TGTGT	34
GGCTC	34
TTTAG	34
ATGAC	34
CTCTA	34
GTTTC	34
ATATA	34
TTAGA	34
ATATG	34
GCCCA	34
ACCTT	34
AAGTG	34
CATAA	34
GCCTC	34
GTGTT	34
CACTC	34
CAAGT	34
ATCCC	34
GCTGT	34
TTGAA	34
GTGCA	34
ACTTT	34
CACTT	33
AGATT	33
GAATC	33
GCACC	33
CTAGA	33
TGAGT	33
ACCTC	33
TCCCC	33
CAAAT	33
GTTCT	33
GTTCA	33
GTCCA	33
ATTGA	33
TACTT	33
ACTCC	33
GGAAC	33
TAAAC	33
GGACT	33
TAAGC	33
TAAGA	33
GTATC	33
TAAAT	33
AGGTT	33
GTGGG	33
GGGAC	33
GGGAT	33
GTGGT	33
TTACA	33
TCTGG	33
GGTGA	33
TATGG	33
CCCAC	33
TCTTG	32
CCCAA	32
GGGGC	32
GGCCC	32
GTACC	32
GTGGA	32
TCACC	32
ATTAT	32
GTATT	32
GGACC	32
TACAA	32
TCCAA	32
TGTAG	32
GTCCC	32
TGCCC	32
GCCAC	32
AACGG	32
AGCCG	31
AACTC	31
TTGGT	31
CTATA	31
TGTCC	31
TTGGC	31
GCCCC	31
ATAGC	31
TTGTT	31
TCATA	31
CGCTT	31
TTGCT	31
TGTGC	31
GCTTT	31
CGGAG	31
TAACA	31
GACCT	31
GACAT	31
GCACT	31
ATCTC	31
AATGC	31
TTATG	31
CTTAA	31
TATAT	31
GTAGT	30
TAATA	30
TTGGA	30
GCTCA	30
TTGAG	30
TATTG	30
TGTAC	30
GTACA	30
GTGAG	30
GGTCT	30
CTATG	30
TGTTA	30
ATTGC	29
GGAGT	29
GAGAC	29
CAGTC	29
CTTAC	29
CGGAA	29
ACAAT	29
ATTGT	29
GGGGT	29
CTTCG	29
TGAAC	29
GATAT	29
GATTT	29
GTGAT	28
GTTTA	28
GGTGT	28
GACGG	28
AGTAA	28
ATAGA	28
TATCT	28
GGATA	28
ACTTG	28
GACCC	28
TTATA	28
GTTGT	28
GGGCC	28
GAGTG	28
GCTCT	28
TACAG	28
CTTAT	28
ATGTT	28
GTACT	28
GCTCC	27
CTAAT	27
TTTGC	27
CTTAG	27
CGGCC	27
GATGT	27
TATAA	27
TTAAC	27
ATAAC	27
GGCAC	27
TCACT	27
GGGTC	27
GTGCC	27
CGTCA	27
GTTCC	27
CATAC	26
AGTCG	26
GTGCT	26
GCAAA	26
TTGGG	26
GATCT	26
CGGCA	26
CGAAG	26
TTTGA	26
AGCGC	26
TGTTC	26
GATAA	26
CGGGC	26
TTGAC	25
ATAGT	25
GTAGC	25
CTAAG	25
TGCCG	25
GGAAT	25
CGAGA	25
TGACG	25
GTCTC	25
TGTAA	25
CTAAC	25
TTCTA	25
GTCAC	25
TATGA	25
CTCGG	25
AGACG	25
AAGCG	24
GCCGC	24
GGCGC	24
TATCC	24
GGTCC	24
CTCCG	24
TGGCG	24
CCCTA	24
CGAGG	24
CTGCG	24
AACGC	24
TTACT	24
GCTAA	24
CTCGC	24
CTAGG	23
TATGT	23
GCGGC	23
ACAAG	23
AGCGT	23
CGTAT	23
GTAGA	23
TTTAC	23
CATCG	23
GAACG	23
GCCAA	23
GGATT	23
GATTC	23
ATGTC	23
CGTGG	23
AACGT	23
CACGA	23
GGCGA	23
CCTTA	22
CACTA	22
ATGCG	22
GTGTG	22
TCTTA	22
TCTAC	22
CGACA	22
TTGCC	22
CGCAG	22
ATAGG	22
AGTAT	22
CCAAT	22
TTAGT	22
TAAGT	22
CGCCT	22
CCCGG	21
GTAAT	21
CTCGA	21
TAGGG	21
CGCCA	21
GTTGA	21
GTTAC	21
CTAGT	21
GTGTA	21
TTGTA	21
GTTGG	21
GTGTC	21
GCCGT	21
AGCGG	21
GGTAT	21
CAGCG	21
CCTAT	21
ACTAG	21
GTCGC	20
TACGC	20
TTCCC	20
GTAGG	20
TATTC	20
GCAAC	20
CGCTG	20
GAATT	20
GACGA	20
TAATC	20
TCACG	20
CGGGA	20
TCCTA	20
TCTAA	20
TTGTG	20
CGGGG	20
CTAGC	20
GTAAG	19
GTTAA	19
GACGC	19
ACTAT	19
CCTAA	19
CCTAC	19
TTGTC	19
CCTAG	19
GTGAC	19
GCCGA	19
ATCGG	19
ATCGC	19
GTATA	19
TAGGC	19
CGGCG	19
CGCAC	18
GGCGG	18
GAGCG	18
CACGG	18
ATCGA	18
ATTAG	18
CCGAG	18
CGGTG	18
GTCCG	18
CCCGC	18
TAGCC	18
TACCC	18
ACTAA	18
CGTCT	17
TCTAG	17
GTTAG	17
GATAC	17
TAGTG	17
CGTGA	17
CGCCC	17
CCGGC	17
AAACG	17
TTAGG	17
ATCCG	17
GTCTA	17
GCTTA	17
CACGC	17
CCGCC	17
CGTGC	17
GGTAC	16
TAGGT	16
GCGCA	16
CGACG	16
TTAGC	16
CGACT	16
TATGC	16
GTAAC	16
TAGAC	16
GGCCG	16
GGCGT	16
TTTCG	16
GTCGG	15
CGGGT	15
GGGCG	15
GATCG	15
CCGCA	15
GTCGT	15
GCCTA	15
CCCGT	15
CCCCG	15
TAACT	15
CGAAA	15
GAGTC	15
GAGTA	15
TCTCG	15
GCTAT	15
GCTCG	15
CCTCG	14
ATCGT	14
GCCCG	14
GACTC	14
GGGTA	14
CCCGA	14
ACCGC	14
TGTCG	14
TCCCG	14
ACGCC	14
TCGTG	14
CGAGT	14
CGTGT	14
TAGTA	14
CTACG	14
TCCGT	14
GGACG	14
GTCGA	13
CACGT	13
CGCGG	13
TCGGC	13
ACGAG	13
CGTTT	13
GACTA	13
ACGTA	13
GACCG	13
TATAC	13
CGCAA	13
TACTC	13
GACGT	12
CTCGT	12
TTCGG	12
TTCGT	12
TTCCG	12
ACGAA	12
CCACG	12
CCGCT	12
ACGTG	12
TTACG	12
GCGTC	12
CCGGA	12
CCGGG	12
GAGTT	12
TACCG	12
CGGAC	12
GCGAC	12
CGCGC	12
ACCCG	11
CCGTG	11
CGGTT	11
CGTAG	11
TCGCC	11
GATAG	11
GCGCC	11
TAGTC	11
TACTA	11
TAACG	11
TATCG	11
CACCG	11
TAGTT	11
TTCGC	11
NACCC	10
TCGTA	10
GTACG	10
TAGCG	10
ACGCG	10
TGCGG	10
GTTAT	10
CCGTC	10
CCGTT	10
TCCGC	10
TATAG	10
CGCCG	10
GCGAA	10
GCGTT	10
GTTCG	9
NATGC	9
AATCG	9
TCCGG	9
ACGAC	9
CGTAA	9
CCGTA	9
TGCGC	9
TCGCA	9
TCGGG	9
NGAAT	9
ATTCG	9
NCATC	8
GCGGG	8
GCGAG	8
CGCGA	8
CGCGT	8
NTTAC	8
GCCGG	8
NGGCT	8
ANTAC	8
NCTGG	8
NTGAG	7
GCTAG	7
NCCAC	7
NTACG	7
GTGCG	7
GCGCT	7
ACCGA	7
GCGCG	7
GGTAA	7
NCTAC	6
NACAC	6
CCGAA	6
ACTCG	6
GCGTA	6
CCGAC	6
TTGCG	6
NGTAC	5
CGTTA	5
TGCGA	5
NGTCG	5
TACGT	5
NGGTA	5
NTGAT	5
NATAT	5
NGTGC	5
GCGGA	5
NATCC	4
TACGA	4
NGACC	4
GNTCC	4
CNTAT	4
TCGCG	3
NAGAA	3
NGTCC	3
NTTGC	3
ANGAC	3
NCATA	3
NGGAC	3
NCTTC	3
ANCAC	3
NTAAA	2
NATAC	2
NTACA	2
NAGTT	2
NTATG	2
TNATC	2
NTCCT	2
NATCA	2
NAATG	2
ANGGG	2
CCGCG	2
NGCAA	2
NCAGC	2
NACCT	2
NAGAC	2
CNGTA	2
NCCCA	2
NACTA	2
NCCCT	1
NTGTG	1
NCCAG	1
NTGTC	1
NCCAA	1
NCATT	1
NTGGT	1
ANGAG	1
NTGGG	1
NCTCC	1
NTGCT	1
NCACC	1
NTGAA	1
NATTT	1
NATTC	1
ANTGG	1
NTCTC	1
NTCGG	1
NTCAA	1
NTAAT	1
ANTGT	1
ANTTC	1
ANCAG	1
NAGGG	1
NAGGC	1
NGTTC	1
TNTCT	1
NAGCC	1
NGTTA	1
NGTGA	1
NGTCA	1
NACTC	1
NGTAG	1
NACGG	1
NCCTC	1
TNGTT	1
TNCTG	1
NGGTT	1
NACAA	1
NGGTG	1
TNCAC	1
TNCAA	1
NAAGG	1
NGGTC	1
TNAAT	1
NGGCC	1
NGGCA	1
NGGAG	1
NGGAA	1
GNTGC	1
NGCTG	1
GNGTG	1
GNGGG	1
ANATT	1
GNATC	1
NGCCT	1
CNAAT	1
CNCAG	1
CNCCC	1
CNCTA	1
CNCTC	1
CNGAT	1
CNGGG	1
NGCCG	1
NGATT	1
NGAGC	1
CNTCC	1
CNTGC	1
NGACT	1
NGACG	1
NGACA	1
NGAAA	1
NCGTG	1
NCTGC	1
NCAGG	1
